2023-02-21 09:26:17,501 [restartedMain] INFO  org.springframework.boot.devtools.env.DevToolsPropertyDefaultsPostProcessor(logTo:255) - Devtools property defaults active! Set 'spring.devtools.add-properties' to 'false' to disable
2023-02-21 09:26:17,512 [restartedMain] INFO  org.springframework.boot.devtools.env.DevToolsPropertyDefaultsPostProcessor(logTo:255) - For additional web related logging consider setting the 'logging.level.web' property to 'DEBUG'
2023-02-21 09:26:18,318 [restartedMain] INFO  org.springframework.data.repository.config.RepositoryConfigurationDelegate(registerRepositoriesIn:132) - Bootstrapping Spring Data JPA repositories in DEFAULT mode.
2023-02-21 09:26:18,381 [restartedMain] INFO  org.springframework.data.repository.config.RepositoryConfigurationDelegate(registerRepositoriesIn:201) - Finished Spring Data repository scanning in 54 ms. Found 2 JPA repository interfaces.
2023-02-21 09:26:18,926 [restartedMain] INFO  org.springframework.boot.web.embedded.tomcat.TomcatWebServer(initialize:108) - Tomcat initialized with port(s): 8080 (http)
2023-02-21 09:26:19,033 [restartedMain] INFO  org.springframework.boot.web.servlet.context.ServletWebServerApplicationContext(prepareWebApplicationContext:292) - Root WebApplicationContext: initialization completed in 1520 ms
2023-02-21 09:26:19,187 [restartedMain] INFO  org.springframework.boot.autoconfigure.h2.H2ConsoleAutoConfiguration(logDataSources:98) - H2 console available at '/h2-console'. Database available at 'jdbc:h2:~/test'
2023-02-21 09:26:20,213 [restartedMain] INFO  org.springframework.orm.jpa.LocalContainerEntityManagerFactoryBean(buildNativeEntityManagerFactory:437) - Initialized JPA EntityManagerFactory for persistence unit 'default'
2023-02-21 09:26:20,652 [restartedMain] INFO  org.springframework.security.web.DefaultSecurityFilterChain(<init>:55) - Will secure any request with [org.springframework.security.web.session.DisableEncodeUrlFilter@18ffd3ea, org.springframework.security.web.context.request.async.WebAsyncManagerIntegrationFilter@19503953, org.springframework.security.web.context.SecurityContextPersistenceFilter@4ca25fb3, org.springframework.security.web.header.HeaderWriterFilter@12d3ff9e, org.springframework.security.web.authentication.logout.LogoutFilter@138947ec, org.springframework.security.web.authentication.UsernamePasswordAuthenticationFilter@3da9f172, org.springframework.security.web.savedrequest.RequestCacheAwareFilter@23f1bcde, org.springframework.security.web.servletapi.SecurityContextHolderAwareRequestFilter@239ecd7d, org.springframework.security.web.authentication.AnonymousAuthenticationFilter@782ed151, org.springframework.security.web.session.SessionManagementFilter@39e95f8d, org.springframework.security.web.access.ExceptionTranslationFilter@d9d4197, org.springframework.security.web.access.intercept.FilterSecurityInterceptor@49631f07]
2023-02-21 09:26:20,655 [restartedMain] WARN  org.springframework.security.config.annotation.web.builders.WebSecurity(performBuild:305) - You are asking Spring Security to ignore Ant [pattern='/css/**']. This is not recommended -- please use permitAll via HttpSecurity#authorizeHttpRequests instead.
2023-02-21 09:26:20,656 [restartedMain] INFO  org.springframework.security.web.DefaultSecurityFilterChain(<init>:52) - Will not secure Ant [pattern='/css/**']
2023-02-21 09:26:20,656 [restartedMain] WARN  org.springframework.security.config.annotation.web.builders.WebSecurity(performBuild:305) - You are asking Spring Security to ignore Ant [pattern='/js/**']. This is not recommended -- please use permitAll via HttpSecurity#authorizeHttpRequests instead.
2023-02-21 09:26:20,656 [restartedMain] INFO  org.springframework.security.web.DefaultSecurityFilterChain(<init>:52) - Will not secure Ant [pattern='/js/**']
2023-02-21 09:26:20,656 [restartedMain] WARN  org.springframework.security.config.annotation.web.builders.WebSecurity(performBuild:305) - You are asking Spring Security to ignore Ant [pattern='/img/**']. This is not recommended -- please use permitAll via HttpSecurity#authorizeHttpRequests instead.
2023-02-21 09:26:20,657 [restartedMain] INFO  org.springframework.security.web.DefaultSecurityFilterChain(<init>:52) - Will not secure Ant [pattern='/img/**']
2023-02-21 09:26:20,657 [restartedMain] WARN  org.springframework.security.config.annotation.web.builders.WebSecurity(performBuild:305) - You are asking Spring Security to ignore Ant [pattern='/font/**']. This is not recommended -- please use permitAll via HttpSecurity#authorizeHttpRequests instead.
2023-02-21 09:26:20,657 [restartedMain] INFO  org.springframework.security.web.DefaultSecurityFilterChain(<init>:52) - Will not secure Ant [pattern='/font/**']
2023-02-21 09:26:20,705 [restartedMain] WARN  org.springframework.boot.autoconfigure.orm.jpa.JpaBaseConfiguration$JpaWebConfiguration(openEntityManagerInViewInterceptor:219) - spring.jpa.open-in-view is enabled by default. Therefore, database queries may be performed during view rendering. Explicitly configure spring.jpa.open-in-view to disable this warning
2023-02-21 09:26:21,122 [restartedMain] INFO  org.springframework.boot.devtools.autoconfigure.OptionalLiveReloadServer(startServer:59) - LiveReload server is running on port 35729
2023-02-21 09:26:21,155 [restartedMain] INFO  org.springframework.boot.web.embedded.tomcat.TomcatWebServer(start:220) - Tomcat started on port(s): 8080 (http) with context path ''
2023-02-21 09:26:31,006 [http-nio-8080-exec-1] INFO  org.springframework.web.servlet.DispatcherServlet(initServletBean:525) - Initializing Servlet 'dispatcherServlet'
2023-02-21 09:26:31,008 [http-nio-8080-exec-1] INFO  org.springframework.web.servlet.DispatcherServlet(initServletBean:547) - Completed initialization in 1 ms
2023-02-21 09:33:15,791 [SpringApplicationShutdownHook] INFO  org.springframework.orm.jpa.LocalContainerEntityManagerFactoryBean(destroy:651) - Closing JPA EntityManagerFactory for persistence unit 'default'
2023-02-21 09:33:20,662 [restartedMain] INFO  org.springframework.boot.devtools.env.DevToolsPropertyDefaultsPostProcessor(logTo:255) - Devtools property defaults active! Set 'spring.devtools.add-properties' to 'false' to disable
2023-02-21 09:33:20,664 [restartedMain] INFO  org.springframework.boot.devtools.env.DevToolsPropertyDefaultsPostProcessor(logTo:255) - For additional web related logging consider setting the 'logging.level.web' property to 'DEBUG'
2023-02-21 09:33:21,262 [restartedMain] INFO  org.springframework.data.repository.config.RepositoryConfigurationDelegate(registerRepositoriesIn:132) - Bootstrapping Spring Data JPA repositories in DEFAULT mode.
2023-02-21 09:33:21,315 [restartedMain] INFO  org.springframework.data.repository.config.RepositoryConfigurationDelegate(registerRepositoriesIn:201) - Finished Spring Data repository scanning in 45 ms. Found 2 JPA repository interfaces.
2023-02-21 09:33:21,804 [restartedMain] INFO  org.springframework.boot.web.embedded.tomcat.TomcatWebServer(initialize:108) - Tomcat initialized with port(s): 8080 (http)
2023-02-21 09:33:21,924 [restartedMain] INFO  org.springframework.boot.web.servlet.context.ServletWebServerApplicationContext(prepareWebApplicationContext:292) - Root WebApplicationContext: initialization completed in 1260 ms
2023-02-21 09:33:22,091 [restartedMain] INFO  org.springframework.boot.autoconfigure.h2.H2ConsoleAutoConfiguration(logDataSources:98) - H2 console available at '/h2-console'. Database available at 'jdbc:h2:~/test'
2023-02-21 09:33:23,161 [restartedMain] INFO  org.springframework.orm.jpa.LocalContainerEntityManagerFactoryBean(buildNativeEntityManagerFactory:437) - Initialized JPA EntityManagerFactory for persistence unit 'default'
2023-02-21 09:33:23,568 [restartedMain] INFO  org.springframework.security.web.DefaultSecurityFilterChain(<init>:55) - Will secure any request with [org.springframework.security.web.session.DisableEncodeUrlFilter@33223887, org.springframework.security.web.context.request.async.WebAsyncManagerIntegrationFilter@418f6298, org.springframework.security.web.context.SecurityContextPersistenceFilter@3e27ba73, org.springframework.security.web.header.HeaderWriterFilter@1b00b5a0, org.springframework.security.web.authentication.logout.LogoutFilter@35a992d2, org.springframework.security.web.authentication.UsernamePasswordAuthenticationFilter@78e25427, org.springframework.security.web.savedrequest.RequestCacheAwareFilter@327122a5, org.springframework.security.web.servletapi.SecurityContextHolderAwareRequestFilter@38d8ab4f, org.springframework.security.web.authentication.AnonymousAuthenticationFilter@46457208, org.springframework.security.web.session.SessionManagementFilter@70be17e7, org.springframework.security.web.access.ExceptionTranslationFilter@50999f5a, org.springframework.security.web.access.intercept.FilterSecurityInterceptor@78687155]
2023-02-21 09:33:23,572 [restartedMain] WARN  org.springframework.security.config.annotation.web.builders.WebSecurity(performBuild:305) - You are asking Spring Security to ignore Ant [pattern='/css/**']. This is not recommended -- please use permitAll via HttpSecurity#authorizeHttpRequests instead.
2023-02-21 09:33:23,572 [restartedMain] INFO  org.springframework.security.web.DefaultSecurityFilterChain(<init>:52) - Will not secure Ant [pattern='/css/**']
2023-02-21 09:33:23,573 [restartedMain] WARN  org.springframework.security.config.annotation.web.builders.WebSecurity(performBuild:305) - You are asking Spring Security to ignore Ant [pattern='/js/**']. This is not recommended -- please use permitAll via HttpSecurity#authorizeHttpRequests instead.
2023-02-21 09:33:23,573 [restartedMain] INFO  org.springframework.security.web.DefaultSecurityFilterChain(<init>:52) - Will not secure Ant [pattern='/js/**']
2023-02-21 09:33:23,573 [restartedMain] WARN  org.springframework.security.config.annotation.web.builders.WebSecurity(performBuild:305) - You are asking Spring Security to ignore Ant [pattern='/img/**']. This is not recommended -- please use permitAll via HttpSecurity#authorizeHttpRequests instead.
2023-02-21 09:33:23,573 [restartedMain] INFO  org.springframework.security.web.DefaultSecurityFilterChain(<init>:52) - Will not secure Ant [pattern='/img/**']
2023-02-21 09:33:23,573 [restartedMain] WARN  org.springframework.security.config.annotation.web.builders.WebSecurity(performBuild:305) - You are asking Spring Security to ignore Ant [pattern='/font/**']. This is not recommended -- please use permitAll via HttpSecurity#authorizeHttpRequests instead.
2023-02-21 09:33:23,573 [restartedMain] INFO  org.springframework.security.web.DefaultSecurityFilterChain(<init>:52) - Will not secure Ant [pattern='/font/**']
2023-02-21 09:33:23,619 [restartedMain] WARN  org.springframework.boot.autoconfigure.orm.jpa.JpaBaseConfiguration$JpaWebConfiguration(openEntityManagerInViewInterceptor:219) - spring.jpa.open-in-view is enabled by default. Therefore, database queries may be performed during view rendering. Explicitly configure spring.jpa.open-in-view to disable this warning
2023-02-21 09:33:24,059 [restartedMain] INFO  org.springframework.boot.devtools.autoconfigure.OptionalLiveReloadServer(startServer:59) - LiveReload server is running on port 35729
2023-02-21 09:33:24,093 [restartedMain] INFO  org.springframework.boot.web.embedded.tomcat.TomcatWebServer(start:220) - Tomcat started on port(s): 8080 (http) with context path ''
2023-02-21 09:34:22,990 [http-nio-8080-exec-1] INFO  org.springframework.web.servlet.DispatcherServlet(initServletBean:525) - Initializing Servlet 'dispatcherServlet'
2023-02-21 09:34:22,991 [http-nio-8080-exec-1] INFO  org.springframework.web.servlet.DispatcherServlet(initServletBean:547) - Completed initialization in 1 ms
